Job #8 → method=scaffold, supernodes=10, fraction=1, rounds=50, partition=dirichlet
Running: flwr run --federation-config '
options.num-supernodes=10 options.backend.init-args.address='local' options.backend.init-args.num-cpus=16 options.backend.init-args.num-gpus=1 options.backend.client-resources.num-cpus=2 options.backend.client-resources.num-gpus=0.1
' --run-config '
num-server-rounds=50 fraction-fit=1 method='scaffold' num-partitions=10 partition-method='dirichlet' save-dir='/zhome/94/5/156250/Documents/FederatedLearning/FedLearning-Final/flower/flower-experiments/client_cvs/8' '
Loading project configuration... 
Success
Server-side evaluation loss 2.3036127211941277 / accuracy 0.115
Server-side evaluation loss 2.2523725594684576 / accuracy 0.1391
Server-side evaluation loss 2.042369203962338 / accuracy 0.2083
Server-side evaluation loss 1.8731857439514938 / accuracy 0.3156
Server-side evaluation loss 1.7613188620585545 / accuracy 0.3687
Server-side evaluation loss 1.66689023622282 / accuracy 0.3964
Server-side evaluation loss 1.6003671330251512 / accuracy 0.4229
Server-side evaluation loss 1.543642577092359 / accuracy 0.4476
Server-side evaluation loss 1.4885317413670243 / accuracy 0.4617
Server-side evaluation loss 1.474736575108425 / accuracy 0.4643
Server-side evaluation loss 1.428632884268548 / accuracy 0.4856
Server-side evaluation loss 1.400647979633064 / accuracy 0.4912
Server-side evaluation loss 1.3786643849816291 / accuracy 0.4986
Server-side evaluation loss 1.3936467914824273 / accuracy 0.488
Server-side evaluation loss 1.3273863632967517 / accuracy 0.5191
Server-side evaluation loss 1.3200354560924943 / accuracy 0.5204
Server-side evaluation loss 1.2951934337615967 / accuracy 0.532
Server-side evaluation loss 1.27198271576766 / accuracy 0.538
Server-side evaluation loss 1.2601050108101717 / accuracy 0.5388
Server-side evaluation loss 1.258222735991144 / accuracy 0.5439
Server-side evaluation loss 1.2215118970081305 / accuracy 0.5571
Server-side evaluation loss 1.2086588467002675 / accuracy 0.5663
Server-side evaluation loss 1.2085114683315252 / accuracy 0.5606
Server-side evaluation loss 1.183500335095035 / accuracy 0.5759
Server-side evaluation loss 1.1514024297902539 / accuracy 0.5881
Server-side evaluation loss 1.1262366213616293 / accuracy 0.5929
Server-side evaluation loss 1.110337926324006 / accuracy 0.6046
Server-side evaluation loss 1.1200023213769221 / accuracy 0.5941
Server-side evaluation loss 1.1445817469031947 / accuracy 0.5909
Server-side evaluation loss 1.0573820137673882 / accuracy 0.621
Server-side evaluation loss 1.0412305179674914 / accuracy 0.6285
Server-side evaluation loss 1.0414997316469812 / accuracy 0.629
Server-side evaluation loss 1.137296832291184 / accuracy 0.5943
Server-side evaluation loss 1.0533836578867237 / accuracy 0.6238
Server-side evaluation loss 0.9987704996850081 / accuracy 0.6459
Server-side evaluation loss 1.0039577772662898 / accuracy 0.6438
Server-side evaluation loss 0.9769616829361886 / accuracy 0.6593
Server-side evaluation loss 0.9683178124154449 / accuracy 0.6584
Server-side evaluation loss 0.9538496208798354 / accuracy 0.6648
Server-side evaluation loss 0.9438339414869904 / accuracy 0.6697
Server-side evaluation loss 0.9764529702010428 / accuracy 0.6534
Server-side evaluation loss 1.0028328424806048 / accuracy 0.6448
Server-side evaluation loss 0.927013478840992 / accuracy 0.6751
Server-side evaluation loss 0.9240366064818801 / accuracy 0.6771
Server-side evaluation loss 0.9418221290703792 / accuracy 0.6666
Server-side evaluation loss 0.9489579644932109 / accuracy 0.6664
Server-side evaluation loss 0.9083497626766278 / accuracy 0.6799
Server-side evaluation loss 0.9052829518439663 / accuracy 0.6852
Server-side evaluation loss 0.8840628892752775 / accuracy 0.697
Server-side evaluation loss 0.8977479611992076 / accuracy 0.6846
Server-side evaluation loss 0.8658955681855511 / accuracy 0.701

------------------------------------------------------------
Sender: LSF System <lsfadmin@hpc.dtu.dk>
Subject: Job 25306075[8]: <flower_job_array[1-12]> in cluster <dcc> Done

Job <flower_job_array[1-12]> was submitted from host <n-62-20-9> by user <s204790> in cluster <dcc> at Sun Jun 22 15:43:58 2025
Job was executed on host(s) <16*n-62-18-12>, in queue <gpua100>, as user <s204790> in cluster <dcc> at Sun Jun 22 16:12:22 2025
</zhome/94/5/156250> was used as the home directory.
</zhome/94/5/156250/Documents/FederatedLearning/FedLearning-Final/flower/flower-experiments> was used as the working directory.
Started at Sun Jun 22 16:12:22 2025
Terminated at Sun Jun 22 16:29:54 2025
Results reported at Sun Jun 22 16:29:54 2025

Your job looked like:

------------------------------------------------------------
# LSBATCH: User input
#!/bin/bash


########################### General options ###########################

### –- specify queue --
#BSUB -q gpua100

### -- set the job Name --
#BSUB -J flower_job_array[1-12]

### -- ask for number of cores (default: 1) --
#BSUB -n 16

### -- Select the resources: 1 gpu in exclusive process mode --
#BSUB -gpu "num=1:mode=shared"

### -- set walltime limit: hh:mm --  maximum 24 hours for GPU-queues right now
#BSUB -W 01:00

# request system-memory
#BSUB -R "rusage[mem=32GB]"
#BSUB -R "span[hosts=1]"

### -- Specify the output and error file. %J is the job-id --
### -- -o and -e mean append, -oo and -eo mean overwrite --
#BSUB -o /zhome/94/5/156250/Documents/FederatedLearning/FedLearning-Final/logs/lsf/%J_%I.out
#BSUB -e /zhome/94/5/156250/Documents/FederatedLearning/FedLearning-Final/logs/lsf/%J_%I.err
# -- end of LSF options --

source /zhome/94/5/156250/Documents/FederatedLearning/FedLearning-Final/.venv/bin/activate

# job idxs 1-6 are for 10 clients, fraction-fit=1, num-server-rounds=50
# job idxs 7-12 are for 100 clients, fraction-fit=0.2, num-server-rounds=100

if (( LSB_JOBINDEX < 7 )); then
    method='fedavg'             # use fedavg method for job indices 1-6
else
    method='scaffold'           # use scaffold method for job indices 7-12
fi

# first 3 jobs per method are run with 10 clients, fraction-fit=1, num-server-rounds=50
# last 3 jobs per method are run with 100 clients, fraction-fit=0.2, num-server-rounds=100

r=$(( (LSB_JOBINDEX - 1) % 6 ))
if ((r < 3)); then
    num_supernodes=10
    fraction_fit=1
    num_server_rounds=50
else

(... more ...)
------------------------------------------------------------

Successfully completed.

Resource usage summary:

    CPU time :                                   6141.00 sec.
    Max Memory :                                 8731 MB
    Average Memory :                             7833.33 MB
    Total Requested Memory :                     524288.00 MB
    Delta Memory :                               515557.00 MB
    Max Swap :                                   -
    Max Processes :                              20
    Max Threads :                                861
    Run time :                                   1053 sec.
    Turnaround time :                            2756 sec.

The output (if any) is above this job summary.



PS:

Read file </zhome/94/5/156250/Documents/FederatedLearning/FedLearning-Final/logs/lsf/25306075_8.err> for stderr output of this job.

