[92mINFO [0m:      Starting Flower ServerApp, config: num_rounds=100, no round_timeout
[92mINFO [0m:      
[92mINFO [0m:      [INIT]
[92mINFO [0m:      Using initial parameters provided by strategy
[92mINFO [0m:      Starting evaluation of initial global parameters
[92mINFO [0m:      initial parameters (loss, other metrics): 2.3026289696906024, {'accuracy': 0.1179}
[92mINFO [0m:      
[92mINFO [0m:      [ROUND 1]
[93mWARNING [0m:   No fit_metrics_aggregation_fn provided
[92mINFO [0m:      fit progress: (1, 2.3099250216392955, {'accuracy': 0.1}, 18.668954962980933)
[92mINFO [0m:      configure_evaluate: strategy sampled 50 clients (out of 100)
[92mINFO [0m:      aggregate_evaluate: received 50 results and 0 failures
[92mINFO [0m:      
[92mINFO [0m:      [ROUND 2]
[92mINFO [0m:      fit progress: (2, 2.4965293923760674, {'accuracy': 0.1}, 25.408700179017615)
[92mINFO [0m:      configure_evaluate: strategy sampled 50 clients (out of 100)
[92mINFO [0m:      aggregate_evaluate: received 50 results and 0 failures
[92mINFO [0m:      
[92mINFO [0m:      [ROUND 3]
[92mINFO [0m:      fit progress: (3, 2.479476705478255, {'accuracy': 0.1138}, 31.74785636999877)
[92mINFO [0m:      configure_evaluate: strategy sampled 50 clients (out of 100)
[92mINFO [0m:      aggregate_evaluate: received 50 results and 0 failures
[92mINFO [0m:      
[92mINFO [0m:      [ROUND 4]
[92mINFO [0m:      fit progress: (4, 2.402135467833015, {'accuracy': 0.1009}, 38.402944264991675)
[92mINFO [0m:      configure_evaluate: strategy sampled 50 clients (out of 100)
[92mINFO [0m:      aggregate_evaluate: received 50 results and 0 failures
[92mINFO [0m:      
[92mINFO [0m:      [ROUND 5]
[92mINFO [0m:      fit progress: (5, 2.272450131215867, {'accuracy': 0.1148}, 44.865824837994296)
[92mINFO [0m:      configure_evaluate: strategy sampled 50 clients (out of 100)
[92mINFO [0m:      aggregate_evaluate: received 50 results and 0 failures
[92mINFO [0m:      
[92mINFO [0m:      [ROUND 6]
[92mINFO [0m:      fit progress: (6, 2.2567872424034556, {'accuracy': 0.1652}, 51.45046938298037)
[92mINFO [0m:      configure_evaluate: strategy sampled 50 clients (out of 100)
[92mINFO [0m:      aggregate_evaluate: received 50 results and 0 failures
[92mINFO [0m:      
[92mINFO [0m:      [ROUND 7]
[92mINFO [0m:      fit progress: (7, 2.2587643216370017, {'accuracy': 0.1078}, 57.884112200001255)
[92mINFO [0m:      configure_evaluate: strategy sampled 50 clients (out of 100)
[92mINFO [0m:      aggregate_evaluate: received 50 results and 0 failures
[92mINFO [0m:      
[92mINFO [0m:      [ROUND 8]
[92mINFO [0m:      fit progress: (8, 2.2466635218091833, {'accuracy': 0.1315}, 64.24989340198226)
[92mINFO [0m:      configure_evaluate: strategy sampled 50 clients (out of 100)
[92mINFO [0m:      aggregate_evaluate: received 50 results and 0 failures
[92mINFO [0m:      
[92mINFO [0m:      [ROUND 9]
[92mINFO [0m:      fit progress: (9, 2.250945478487926, {'accuracy': 0.1439}, 70.69390668399865)
[92mINFO [0m:      configure_evaluate: strategy sampled 50 clients (out of 100)
[92mINFO [0m:      aggregate_evaluate: received 50 results and 0 failures
[92mINFO [0m:      
[92mINFO [0m:      [ROUND 10]
[92mINFO [0m:      fit progress: (10, 2.217402808985133, {'accuracy': 0.1719}, 77.2935334549984)
[92mINFO [0m:      configure_evaluate: strategy sampled 50 clients (out of 100)
[92mINFO [0m:      aggregate_evaluate: received 50 results and 0 failures
[92mINFO [0m:      
[92mINFO [0m:      [ROUND 11]
[92mINFO [0m:      fit progress: (11, 2.171464388537559, {'accuracy': 0.2285}, 83.695098221011)
[92mINFO [0m:      configure_evaluate: strategy sampled 50 clients (out of 100)
[92mINFO [0m:      aggregate_evaluate: received 50 results and 0 failures
[92mINFO [0m:      
[92mINFO [0m:      [ROUND 12]
[92mINFO [0m:      fit progress: (12, 2.1128875966284686, {'accuracy': 0.2269}, 90.09176589600975)
[92mINFO [0m:      configure_evaluate: strategy sampled 50 clients (out of 100)
[92mINFO [0m:      aggregate_evaluate: received 50 results and 0 failures
[92mINFO [0m:      
[92mINFO [0m:      [ROUND 13]
[92mINFO [0m:      fit progress: (13, 2.181498679385823, {'accuracy': 0.1989}, 96.65778494603)
[92mINFO [0m:      configure_evaluate: strategy sampled 50 clients (out of 100)
[92mINFO [0m:      aggregate_evaluate: received 50 results and 0 failures
[92mINFO [0m:      
[92mINFO [0m:      [ROUND 14]
[92mINFO [0m:      fit progress: (14, 2.1255494530793206, {'accuracy': 0.2071}, 103.26475953200134)
[92mINFO [0m:      configure_evaluate: strategy sampled 50 clients (out of 100)
[92mINFO [0m:      aggregate_evaluate: received 50 results and 0 failures
[92mINFO [0m:      
[92mINFO [0m:      [ROUND 15]
[92mINFO [0m:      fit progress: (15, 2.1084849629432534, {'accuracy': 0.2077}, 109.90533928299556)
[92mINFO [0m:      configure_evaluate: strategy sampled 50 clients (out of 100)
[92mINFO [0m:      aggregate_evaluate: received 50 results and 0 failures
[92mINFO [0m:      
[92mINFO [0m:      [ROUND 16]
[92mINFO [0m:      fit progress: (16, 2.101625431874755, {'accuracy': 0.2292}, 116.53166785999201)
[92mINFO [0m:      configure_evaluate: strategy sampled 50 clients (out of 100)
[92mINFO [0m:      aggregate_evaluate: received 50 results and 0 failures
[92mINFO [0m:      
[92mINFO [0m:      [ROUND 17]
[92mINFO [0m:      fit progress: (17, 2.0578716735171665, {'accuracy': 0.2731}, 123.05054754798766)
[92mINFO [0m:      configure_evaluate: strategy sampled 50 clients (out of 100)
[92mINFO [0m:      aggregate_evaluate: received 50 results and 0 failures
[92mINFO [0m:      
[92mINFO [0m:      [ROUND 18]
[92mINFO [0m:      fit progress: (18, 2.0692544522558807, {'accuracy': 0.2492}, 129.8345863490249)
[92mINFO [0m:      configure_evaluate: strategy sampled 50 clients (out of 100)
[92mINFO [0m:      aggregate_evaluate: received 50 results and 0 failures
[92mINFO [0m:      
[92mINFO [0m:      [ROUND 19]
[92mINFO [0m:      fit progress: (19, 2.092260757828974, {'accuracy': 0.1973}, 136.6312828559894)
[92mINFO [0m:      configure_evaluate: strategy sampled 50 clients (out of 100)
[92mINFO [0m:      aggregate_evaluate: received 50 results and 0 failures
[92mINFO [0m:      
[92mINFO [0m:      [ROUND 20]
[92mINFO [0m:      fit progress: (20, 2.086861463109399, {'accuracy': 0.2387}, 143.2326188699808)
[92mINFO [0m:      configure_evaluate: strategy sampled 50 clients (out of 100)
[92mINFO [0m:      aggregate_evaluate: received 50 results and 0 failures
[92mINFO [0m:      
[92mINFO [0m:      [ROUND 21]
[92mINFO [0m:      fit progress: (21, 2.157943282917047, {'accuracy': 0.1727}, 150.02007467800286)
[92mINFO [0m:      configure_evaluate: strategy sampled 50 clients (out of 100)
[92mINFO [0m:      aggregate_evaluate: received 50 results and 0 failures
[92mINFO [0m:      
[92mINFO [0m:      [ROUND 22]
[92mINFO [0m:      fit progress: (22, 2.1125244122401923, {'accuracy': 0.2136}, 156.6408158330014)
[92mINFO [0m:      configure_evaluate: strategy sampled 50 clients (out of 100)
[92mINFO [0m:      aggregate_evaluate: received 50 results and 0 failures
[92mINFO [0m:      
[92mINFO [0m:      [ROUND 23]
[92mINFO [0m:      fit progress: (23, 2.1617047847456234, {'accuracy': 0.1855}, 163.13546846801182)
[92mINFO [0m:      configure_evaluate: strategy sampled 50 clients (out of 100)
[92mINFO [0m:      aggregate_evaluate: received 50 results and 0 failures
[92mINFO [0m:      
[92mINFO [0m:      [ROUND 24]
[92mINFO [0m:      fit progress: (24, 2.0909705647997034, {'accuracy': 0.2271}, 170.06343309301883)
[92mINFO [0m:      configure_evaluate: strategy sampled 50 clients (out of 100)
[92mINFO [0m:      aggregate_evaluate: received 50 results and 0 failures
[92mINFO [0m:      
[92mINFO [0m:      [ROUND 25]
[92mINFO [0m:      fit progress: (25, 2.1020978043793113, {'accuracy': 0.2582}, 176.65977771801408)
[92mINFO [0m:      configure_evaluate: strategy sampled 50 clients (out of 100)
[92mINFO [0m:      aggregate_evaluate: received 50 results and 0 failures
[92mINFO [0m:      
[92mINFO [0m:      [ROUND 26]
[92mINFO [0m:      fit progress: (26, 2.1312453929026414, {'accuracy': 0.2071}, 183.3568484680145)
[92mINFO [0m:      configure_evaluate: strategy sampled 50 clients (out of 100)
[92mINFO [0m:      aggregate_evaluate: received 50 results and 0 failures
[92mINFO [0m:      
[92mINFO [0m:      [ROUND 27]
[92mINFO [0m:      fit progress: (27, 2.094100416845577, {'accuracy': 0.2284}, 189.89827791799325)
[92mINFO [0m:      configure_evaluate: strategy sampled 50 clients (out of 100)
[92mINFO [0m:      aggregate_evaluate: received 50 results and 0 failures
[92mINFO [0m:      
[92mINFO [0m:      [ROUND 28]
[92mINFO [0m:      fit progress: (28, 2.102128277918336, {'accuracy': 0.2277}, 196.39746234100312)
[92mINFO [0m:      configure_evaluate: strategy sampled 50 clients (out of 100)
[92mINFO [0m:      aggregate_evaluate: received 50 results and 0 failures
[92mINFO [0m:      
[92mINFO [0m:      [ROUND 29]
[92mINFO [0m:      fit progress: (29, 2.0561796077497445, {'accuracy': 0.2347}, 202.84904840501258)
[92mINFO [0m:      configure_evaluate: strategy sampled 50 clients (out of 100)
[92mINFO [0m:      aggregate_evaluate: received 50 results and 0 failures
[92mINFO [0m:      
[92mINFO [0m:      [ROUND 30]
[92mINFO [0m:      fit progress: (30, 2.0776125405244765, {'accuracy': 0.2347}, 209.67231679998804)
[92mINFO [0m:      configure_evaluate: strategy sampled 50 clients (out of 100)
[92mINFO [0m:      aggregate_evaluate: received 50 results and 0 failures
[92mINFO [0m:      
[92mINFO [0m:      [ROUND 31]
[92mINFO [0m:      fit progress: (31, 2.0842576019323555, {'accuracy': 0.1965}, 216.27981055498822)
[92mINFO [0m:      configure_evaluate: strategy sampled 50 clients (out of 100)
[92mINFO [0m:      aggregate_evaluate: received 50 results and 0 failures
[92mINFO [0m:      
[92mINFO [0m:      [ROUND 32]
[92mINFO [0m:      fit progress: (32, 2.091739873217929, {'accuracy': 0.1959}, 222.8990730830119)
[92mINFO [0m:      configure_evaluate: strategy sampled 50 clients (out of 100)
[92mINFO [0m:      aggregate_evaluate: received 50 results and 0 failures
[92mINFO [0m:      
[92mINFO [0m:      [ROUND 33]
[92mINFO [0m:      fit progress: (33, 2.063537223323895, {'accuracy': 0.244}, 229.48959686799208)
[92mINFO [0m:      configure_evaluate: strategy sampled 50 clients (out of 100)
[92mINFO [0m:      aggregate_evaluate: received 50 results and 0 failures
[92mINFO [0m:      
[92mINFO [0m:      [ROUND 34]
[92mINFO [0m:      fit progress: (34, 2.0712964937185787, {'accuracy': 0.254}, 236.09898728999542)
[92mINFO [0m:      configure_evaluate: strategy sampled 50 clients (out of 100)
[92mINFO [0m:      aggregate_evaluate: received 50 results and 0 failures
[92mINFO [0m:      
[92mINFO [0m:      [ROUND 35]
[92mINFO [0m:      fit progress: (35, 2.0961086491870273, {'accuracy': 0.2316}, 242.95059256698005)
[92mINFO [0m:      configure_evaluate: strategy sampled 50 clients (out of 100)
[92mINFO [0m:      aggregate_evaluate: received 50 results and 0 failures
[92mINFO [0m:      
[92mINFO [0m:      [ROUND 36]
[92mINFO [0m:      fit progress: (36, 2.0531950680313598, {'accuracy': 0.2559}, 249.4454829620081)
[92mINFO [0m:      configure_evaluate: strategy sampled 50 clients (out of 100)
[92mINFO [0m:      aggregate_evaluate: received 50 results and 0 failures
[92mINFO [0m:      
[92mINFO [0m:      [ROUND 37]
[92mINFO [0m:      fit progress: (37, 2.2113367972100617, {'accuracy': 0.1606}, 255.88403557101265)
[92mINFO [0m:      configure_evaluate: strategy sampled 50 clients (out of 100)
[92mINFO [0m:      aggregate_evaluate: received 50 results and 0 failures
[92mINFO [0m:      
[92mINFO [0m:      [ROUND 38]
[92mINFO [0m:      fit progress: (38, 2.0510977726833075, {'accuracy': 0.2374}, 262.36659184098244)
[92mINFO [0m:      configure_evaluate: strategy sampled 50 clients (out of 100)
[92mINFO [0m:      aggregate_evaluate: received 50 results and 0 failures
[92mINFO [0m:      
[92mINFO [0m:      [ROUND 39]
[92mINFO [0m:      fit progress: (39, 2.0338829824119617, {'accuracy': 0.2268}, 269.0232199190068)
[92mINFO [0m:      configure_evaluate: strategy sampled 50 clients (out of 100)
[92mINFO [0m:      aggregate_evaluate: received 50 results and 0 failures
[92mINFO [0m:      
[92mINFO [0m:      [ROUND 40]
[92mINFO [0m:      fit progress: (40, 2.034661331753822, {'accuracy': 0.2311}, 275.40562843403313)
[92mINFO [0m:      configure_evaluate: strategy sampled 50 clients (out of 100)
[92mINFO [0m:      aggregate_evaluate: received 50 results and 0 failures
[92mINFO [0m:      
[92mINFO [0m:      [ROUND 41]
[92mINFO [0m:      fit progress: (41, 2.040517362060061, {'accuracy': 0.2394}, 282.3528621040168)
[92mINFO [0m:      configure_evaluate: strategy sampled 50 clients (out of 100)
[92mINFO [0m:      aggregate_evaluate: received 50 results and 0 failures
[92mINFO [0m:      
[92mINFO [0m:      [ROUND 42]
[92mINFO [0m:      fit progress: (42, 2.119074722004544, {'accuracy': 0.2234}, 288.6887816450326)
[92mINFO [0m:      configure_evaluate: strategy sampled 50 clients (out of 100)
[92mINFO [0m:      aggregate_evaluate: received 50 results and 0 failures
[92mINFO [0m:      
[92mINFO [0m:      [ROUND 43]
[92mINFO [0m:      fit progress: (43, 2.0081898657379638, {'accuracy': 0.2401}, 295.35839457501424)
[92mINFO [0m:      configure_evaluate: strategy sampled 50 clients (out of 100)
[92mINFO [0m:      aggregate_evaluate: received 50 results and 0 failures
[92mINFO [0m:      
[92mINFO [0m:      [ROUND 44]
[92mINFO [0m:      fit progress: (44, 1.9942063404496309, {'accuracy': 0.2736}, 302.2160392740043)
[92mINFO [0m:      configure_evaluate: strategy sampled 50 clients (out of 100)
[92mINFO [0m:      aggregate_evaluate: received 50 results and 0 failures
[92mINFO [0m:      
[92mINFO [0m:      [ROUND 45]
[92mINFO [0m:      fit progress: (45, 2.010123394856787, {'accuracy': 0.2638}, 308.9265325029846)
[92mINFO [0m:      configure_evaluate: strategy sampled 50 clients (out of 100)
[92mINFO [0m:      aggregate_evaluate: received 50 results and 0 failures
[92mINFO [0m:      
[92mINFO [0m:      [ROUND 46]
[92mINFO [0m:      fit progress: (46, 1.988667209436939, {'accuracy': 0.294}, 315.42096447001677)
[92mINFO [0m:      configure_evaluate: strategy sampled 50 clients (out of 100)
[92mINFO [0m:      aggregate_evaluate: received 50 results and 0 failures
[92mINFO [0m:      
[92mINFO [0m:      [ROUND 47]
[92mINFO [0m:      fit progress: (47, 1.981247301314287, {'accuracy': 0.2716}, 321.7553606170113)
[92mINFO [0m:      configure_evaluate: strategy sampled 50 clients (out of 100)
[92mINFO [0m:      aggregate_evaluate: received 50 results and 0 failures
[92mINFO [0m:      
[92mINFO [0m:      [ROUND 48]
[92mINFO [0m:      fit progress: (48, 2.007326196713053, {'accuracy': 0.2471}, 328.12720570602687)
[92mINFO [0m:      configure_evaluate: strategy sampled 50 clients (out of 100)
[92mINFO [0m:      aggregate_evaluate: received 50 results and 0 failures
[92mINFO [0m:      
[92mINFO [0m:      [ROUND 49]
[92mINFO [0m:      fit progress: (49, 1.9673676574306123, {'accuracy': 0.277}, 334.5758977790247)
[92mINFO [0m:      configure_evaluate: strategy sampled 50 clients (out of 100)
[92mINFO [0m:      aggregate_evaluate: received 50 results and 0 failures
[92mINFO [0m:      
[92mINFO [0m:      [ROUND 50]
[92mINFO [0m:      fit progress: (50, 1.9645360153951463, {'accuracy': 0.2808}, 340.9706352620269)
[92mINFO [0m:      configure_evaluate: strategy sampled 50 clients (out of 100)
[92mINFO [0m:      aggregate_evaluate: received 50 results and 0 failures
[92mINFO [0m:      
[92mINFO [0m:      [ROUND 51]
[92mINFO [0m:      fit progress: (51, 1.9911402608178983, {'accuracy': 0.2892}, 347.6028025050182)
[92mINFO [0m:      configure_evaluate: strategy sampled 50 clients (out of 100)
[92mINFO [0m:      aggregate_evaluate: received 50 results and 0 failures
[92mINFO [0m:      
[92mINFO [0m:      [ROUND 52]
[92mINFO [0m:      fit progress: (52, 2.0302968495970317, {'accuracy': 0.2754}, 354.2557598190033)
[92mINFO [0m:      configure_evaluate: strategy sampled 50 clients (out of 100)
[92mINFO [0m:      aggregate_evaluate: received 50 results and 0 failures
[92mINFO [0m:      
[92mINFO [0m:      [ROUND 53]
[92mINFO [0m:      fit progress: (53, 2.0237706664261546, {'accuracy': 0.2755}, 360.7321469950257)
[92mINFO [0m:      configure_evaluate: strategy sampled 50 clients (out of 100)
[92mINFO [0m:      aggregate_evaluate: received 50 results and 0 failures
[92mINFO [0m:      
[92mINFO [0m:      [ROUND 54]
[92mINFO [0m:      fit progress: (54, 2.012332002828076, {'accuracy': 0.2597}, 367.0093062130036)
[92mINFO [0m:      configure_evaluate: strategy sampled 50 clients (out of 100)
[92mINFO [0m:      aggregate_evaluate: received 50 results and 0 failures
[92mINFO [0m:      
[92mINFO [0m:      [ROUND 55]
[92mINFO [0m:      fit progress: (55, 1.9841203423822003, {'accuracy': 0.258}, 373.5336325960234)
[92mINFO [0m:      configure_evaluate: strategy sampled 50 clients (out of 100)
[92mINFO [0m:      aggregate_evaluate: received 50 results and 0 failures
[92mINFO [0m:      
[92mINFO [0m:      [ROUND 56]
[92mINFO [0m:      fit progress: (56, 2.0409148437961653, {'accuracy': 0.2189}, 380.1907538159867)
[92mINFO [0m:      configure_evaluate: strategy sampled 50 clients (out of 100)
[92mINFO [0m:      aggregate_evaluate: received 50 results and 0 failures
[92mINFO [0m:      
[92mINFO [0m:      [ROUND 57]
[92mINFO [0m:      fit progress: (57, 1.9837474367421144, {'accuracy': 0.2747}, 386.74250197497895)
[92mINFO [0m:      configure_evaluate: strategy sampled 50 clients (out of 100)
[92mINFO [0m:      aggregate_evaluate: received 50 results and 0 failures
[92mINFO [0m:      
[92mINFO [0m:      [ROUND 58]
[92mINFO [0m:      fit progress: (58, 1.9721613469397186, {'accuracy': 0.2667}, 393.2200711700134)
[92mINFO [0m:      configure_evaluate: strategy sampled 50 clients (out of 100)
[92mINFO [0m:      aggregate_evaluate: received 50 results and 0 failures
[92mINFO [0m:      
[92mINFO [0m:      [ROUND 59]
[92mINFO [0m:      fit progress: (59, 1.956081162592408, {'accuracy': 0.2509}, 399.8174431999796)
[92mINFO [0m:      configure_evaluate: strategy sampled 50 clients (out of 100)
[92mINFO [0m:      aggregate_evaluate: received 50 results and 0 failures
[92mINFO [0m:      
[92mINFO [0m:      [ROUND 60]
[92mINFO [0m:      fit progress: (60, 1.9527417702280032, {'accuracy': 0.2532}, 406.3984246010077)
[92mINFO [0m:      configure_evaluate: strategy sampled 50 clients (out of 100)
[92mINFO [0m:      aggregate_evaluate: received 50 results and 0 failures
[92mINFO [0m:      
[92mINFO [0m:      [ROUND 61]
[92mINFO [0m:      fit progress: (61, 1.9607853266843565, {'accuracy': 0.2496}, 412.8088734439807)
[92mINFO [0m:      configure_evaluate: strategy sampled 50 clients (out of 100)
[92mINFO [0m:      aggregate_evaluate: received 50 results and 0 failures
[92mINFO [0m:      
[92mINFO [0m:      [ROUND 62]
[92mINFO [0m:      fit progress: (62, 1.9465020872225427, {'accuracy': 0.2844}, 419.6140418199939)
[92mINFO [0m:      configure_evaluate: strategy sampled 50 clients (out of 100)
[92mINFO [0m:      aggregate_evaluate: received 50 results and 0 failures
[92mINFO [0m:      
[92mINFO [0m:      [ROUND 63]
[92mINFO [0m:      fit progress: (63, 1.9604743597613778, {'accuracy': 0.2741}, 426.30891964101465)
[92mINFO [0m:      configure_evaluate: strategy sampled 50 clients (out of 100)
[92mINFO [0m:      aggregate_evaluate: received 50 results and 0 failures
[92mINFO [0m:      
[92mINFO [0m:      [ROUND 64]
[92mINFO [0m:      fit progress: (64, 1.991102583089452, {'accuracy': 0.2746}, 432.74610159901204)
[92mINFO [0m:      configure_evaluate: strategy sampled 50 clients (out of 100)
[92mINFO [0m:      aggregate_evaluate: received 50 results and 0 failures
[92mINFO [0m:      
[92mINFO [0m:      [ROUND 65]
[92mINFO [0m:      fit progress: (65, 1.9276927162887185, {'accuracy': 0.2934}, 439.1118108180235)
[92mINFO [0m:      configure_evaluate: strategy sampled 50 clients (out of 100)
[92mINFO [0m:      aggregate_evaluate: received 50 results and 0 failures
[92mINFO [0m:      
[92mINFO [0m:      [ROUND 66]
[92mINFO [0m:      fit progress: (66, 1.940780736078882, {'accuracy': 0.2872}, 445.5099414070137)
[92mINFO [0m:      configure_evaluate: strategy sampled 50 clients (out of 100)
[92mINFO [0m:      aggregate_evaluate: received 50 results and 0 failures
[92mINFO [0m:      
[92mINFO [0m:      [ROUND 67]
[92mINFO [0m:      fit progress: (67, 1.8938594494655634, {'accuracy': 0.3079}, 452.2130511199939)
[92mINFO [0m:      configure_evaluate: strategy sampled 50 clients (out of 100)
[92mINFO [0m:      aggregate_evaluate: received 50 results and 0 failures
[92mINFO [0m:      
[92mINFO [0m:      [ROUND 68]
[92mINFO [0m:      fit progress: (68, 1.9903574460630964, {'accuracy': 0.2299}, 458.4401979940012)
[92mINFO [0m:      configure_evaluate: strategy sampled 50 clients (out of 100)
[92mINFO [0m:      aggregate_evaluate: received 50 results and 0 failures
[92mINFO [0m:      
[92mINFO [0m:      [ROUND 69]
[92mINFO [0m:      fit progress: (69, 2.0076758436336637, {'accuracy': 0.2922}, 465.01454265299253)
[92mINFO [0m:      configure_evaluate: strategy sampled 50 clients (out of 100)
[92mINFO [0m:      aggregate_evaluate: received 50 results and 0 failures
[92mINFO [0m:      
[92mINFO [0m:      [ROUND 70]
[92mINFO [0m:      fit progress: (70, 1.9661450856810163, {'accuracy': 0.2982}, 471.4582747279783)
[92mINFO [0m:      configure_evaluate: strategy sampled 50 clients (out of 100)
[92mINFO [0m:      aggregate_evaluate: received 50 results and 0 failures
[92mINFO [0m:      
[92mINFO [0m:      [ROUND 71]
[92mINFO [0m:      fit progress: (71, 1.975372633356957, {'accuracy': 0.2759}, 477.9985580180073)
[92mINFO [0m:      configure_evaluate: strategy sampled 50 clients (out of 100)
[92mINFO [0m:      aggregate_evaluate: received 50 results and 0 failures
[92mINFO [0m:      
[92mINFO [0m:      [ROUND 72]
[92mINFO [0m:      fit progress: (72, 1.9010617429283774, {'accuracy': 0.3026}, 484.35931503400207)
[92mINFO [0m:      configure_evaluate: strategy sampled 50 clients (out of 100)
[92mINFO [0m:      aggregate_evaluate: received 50 results and 0 failures
[92mINFO [0m:      
[92mINFO [0m:      [ROUND 73]
[92mINFO [0m:      fit progress: (73, 1.9338004702975036, {'accuracy': 0.3008}, 490.84496089897584)
[92mINFO [0m:      configure_evaluate: strategy sampled 50 clients (out of 100)
[92mINFO [0m:      aggregate_evaluate: received 50 results and 0 failures
[92mINFO [0m:      
[92mINFO [0m:      [ROUND 74]
[92mINFO [0m:      fit progress: (74, 1.975294748688959, {'accuracy': 0.2915}, 497.4427128310199)
[92mINFO [0m:      configure_evaluate: strategy sampled 50 clients (out of 100)
[92mINFO [0m:      aggregate_evaluate: received 50 results and 0 failures
[92mINFO [0m:      
[92mINFO [0m:      [ROUND 75]
[92mINFO [0m:      fit progress: (75, 1.9458354908949251, {'accuracy': 0.2652}, 503.8115516870166)
[92mINFO [0m:      configure_evaluate: strategy sampled 50 clients (out of 100)
[92mINFO [0m:      aggregate_evaluate: received 50 results and 0 failures
[92mINFO [0m:      
[92mINFO [0m:      [ROUND 76]
[92mINFO [0m:      fit progress: (76, 1.9588652818825594, {'accuracy': 0.2672}, 510.4673923490336)
[92mINFO [0m:      configure_evaluate: strategy sampled 50 clients (out of 100)
[92mINFO [0m:      aggregate_evaluate: received 50 results and 0 failures
[92mINFO [0m:      
[92mINFO [0m:      [ROUND 77]
[92mINFO [0m:      fit progress: (77, 1.957956455315754, {'accuracy': 0.2563}, 517.1121974260313)
[92mINFO [0m:      configure_evaluate: strategy sampled 50 clients (out of 100)
[92mINFO [0m:      aggregate_evaluate: received 50 results and 0 failures
[92mINFO [0m:      
[92mINFO [0m:      [ROUND 78]
[92mINFO [0m:      fit progress: (78, 1.9461678251339372, {'accuracy': 0.2748}, 523.9672597480239)
[92mINFO [0m:      configure_evaluate: strategy sampled 50 clients (out of 100)
[92mINFO [0m:      aggregate_evaluate: received 50 results and 0 failures
[92mINFO [0m:      
[92mINFO [0m:      [ROUND 79]
[92mINFO [0m:      fit progress: (79, 1.8841929883713935, {'accuracy': 0.3098}, 530.3284392079804)
[92mINFO [0m:      configure_evaluate: strategy sampled 50 clients (out of 100)
[92mINFO [0m:      aggregate_evaluate: received 50 results and 0 failures
[92mINFO [0m:      
[92mINFO [0m:      [ROUND 80]
[92mINFO [0m:      fit progress: (80, 1.9016463650260003, {'accuracy': 0.2954}, 536.6619757050066)
[92mINFO [0m:      configure_evaluate: strategy sampled 50 clients (out of 100)
[92mINFO [0m:      aggregate_evaluate: received 50 results and 0 failures
[92mINFO [0m:      
[92mINFO [0m:      [ROUND 81]
[92mINFO [0m:      fit progress: (81, 1.8977039422199224, {'accuracy': 0.2919}, 542.9421454779804)
[92mINFO [0m:      configure_evaluate: strategy sampled 50 clients (out of 100)
[92mINFO [0m:      aggregate_evaluate: received 50 results and 0 failures
[92mINFO [0m:      
[92mINFO [0m:      [ROUND 82]
[92mINFO [0m:      fit progress: (82, 1.86741079646311, {'accuracy': 0.3097}, 549.1864311359823)
[92mINFO [0m:      configure_evaluate: strategy sampled 50 clients (out of 100)
[92mINFO [0m:      aggregate_evaluate: received 50 results and 0 failures
[92mINFO [0m:      
[92mINFO [0m:      [ROUND 83]
[92mINFO [0m:      fit progress: (83, 1.8773284254560045, {'accuracy': 0.3184}, 555.7245752440067)
[92mINFO [0m:      configure_evaluate: strategy sampled 50 clients (out of 100)
[92mINFO [0m:      aggregate_evaluate: received 50 results and 0 failures
[92mINFO [0m:      
[92mINFO [0m:      [ROUND 84]
[92mINFO [0m:      fit progress: (84, 1.910370542744922, {'accuracy': 0.2699}, 562.2854528080206)
[92mINFO [0m:      configure_evaluate: strategy sampled 50 clients (out of 100)
[92mINFO [0m:      aggregate_evaluate: received 50 results and 0 failures
[92mINFO [0m:      
[92mINFO [0m:      [ROUND 85]
[92mINFO [0m:      fit progress: (85, 1.893669000856436, {'accuracy': 0.2945}, 568.6589668240049)
[92mINFO [0m:      configure_evaluate: strategy sampled 50 clients (out of 100)
[92mINFO [0m:      aggregate_evaluate: received 50 results and 0 failures
[92mINFO [0m:      
[92mINFO [0m:      [ROUND 86]
[92mINFO [0m:      fit progress: (86, 1.883585988336308, {'accuracy': 0.2895}, 575.1257000020123)
[92mINFO [0m:      configure_evaluate: strategy sampled 50 clients (out of 100)
[92mINFO [0m:      aggregate_evaluate: received 50 results and 0 failures
[92mINFO [0m:      
[92mINFO [0m:      [ROUND 87]
[92mINFO [0m:      fit progress: (87, 1.8443553508466977, {'accuracy': 0.3354}, 581.5937969110091)
[92mINFO [0m:      configure_evaluate: strategy sampled 50 clients (out of 100)
[92mINFO [0m:      aggregate_evaluate: received 50 results and 0 failures
[92mINFO [0m:      
[92mINFO [0m:      [ROUND 88]
[92mINFO [0m:      fit progress: (88, 1.8701517118769846, {'accuracy': 0.3059}, 588.4131410280243)
[92mINFO [0m:      configure_evaluate: strategy sampled 50 clients (out of 100)
[92mINFO [0m:      aggregate_evaluate: received 50 results and 0 failures
[92mINFO [0m:      
[92mINFO [0m:      [ROUND 89]
[92mINFO [0m:      fit progress: (89, 1.864388791618833, {'accuracy': 0.307}, 594.8517854289967)
[92mINFO [0m:      configure_evaluate: strategy sampled 50 clients (out of 100)
[92mINFO [0m:      aggregate_evaluate: received 50 results and 0 failures
[92mINFO [0m:      
[92mINFO [0m:      [ROUND 90]
[92mINFO [0m:      fit progress: (90, 1.8930644282869473, {'accuracy': 0.3073}, 601.1860871730023)
[92mINFO [0m:      configure_evaluate: strategy sampled 50 clients (out of 100)
[92mINFO [0m:      aggregate_evaluate: received 50 results and 0 failures
[92mINFO [0m:      
[92mINFO [0m:      [ROUND 91]
[92mINFO [0m:      fit progress: (91, 1.8550202633924544, {'accuracy': 0.33}, 607.5535336629837)
[92mINFO [0m:      configure_evaluate: strategy sampled 50 clients (out of 100)
[92mINFO [0m:      aggregate_evaluate: received 50 results and 0 failures
[92mINFO [0m:      
[92mINFO [0m:      [ROUND 92]
[92mINFO [0m:      fit progress: (92, 1.877619228545268, {'accuracy': 0.3113}, 614.0862724740291)
[92mINFO [0m:      configure_evaluate: strategy sampled 50 clients (out of 100)
[92mINFO [0m:      aggregate_evaluate: received 50 results and 0 failures
[92mINFO [0m:      
[92mINFO [0m:      [ROUND 93]
[92mINFO [0m:      fit progress: (93, 1.8698763095649185, {'accuracy': 0.3207}, 620.362312317011)
[92mINFO [0m:      configure_evaluate: strategy sampled 50 clients (out of 100)
[92mINFO [0m:      aggregate_evaluate: received 50 results and 0 failures
[92mINFO [0m:      
[92mINFO [0m:      [ROUND 94]
[92mINFO [0m:      fit progress: (94, 1.8887349313991084, {'accuracy': 0.3046}, 627.0702834670083)
[92mINFO [0m:      configure_evaluate: strategy sampled 50 clients (out of 100)
[92mINFO [0m:      aggregate_evaluate: received 50 results and 0 failures
[92mINFO [0m:      
[92mINFO [0m:      [ROUND 95]
[92mINFO [0m:      fit progress: (95, 1.8735363301198193, {'accuracy': 0.3225}, 633.5160719630076)
[92mINFO [0m:      configure_evaluate: strategy sampled 50 clients (out of 100)
[92mINFO [0m:      aggregate_evaluate: received 50 results and 0 failures
[92mINFO [0m:      
[92mINFO [0m:      [ROUND 96]
[92mINFO [0m:      fit progress: (96, 1.860467299534257, {'accuracy': 0.3253}, 639.8585673940252)
[92mINFO [0m:      configure_evaluate: strategy sampled 50 clients (out of 100)
[92mINFO [0m:      aggregate_evaluate: received 50 results and 0 failures
[92mINFO [0m:      
[92mINFO [0m:      [ROUND 97]
[92mINFO [0m:      fit progress: (97, 1.8746566354848777, {'accuracy': 0.3028}, 646.2882584329927)
[92mINFO [0m:      configure_evaluate: strategy sampled 50 clients (out of 100)
[92mINFO [0m:      aggregate_evaluate: received 50 results and 0 failures
[92mINFO [0m:      
[92mINFO [0m:      [ROUND 98]
[92mINFO [0m:      fit progress: (98, 1.840759127003372, {'accuracy': 0.3262}, 652.8520551630063)
[92mINFO [0m:      configure_evaluate: strategy sampled 50 clients (out of 100)
[92mINFO [0m:      aggregate_evaluate: received 50 results and 0 failures
[92mINFO [0m:      
[92mINFO [0m:      [ROUND 99]
[92mINFO [0m:      fit progress: (99, 1.8459328488939126, {'accuracy': 0.3213}, 659.1010736069875)
[92mINFO [0m:      configure_evaluate: strategy sampled 50 clients (out of 100)
[92mINFO [0m:      aggregate_evaluate: received 50 results and 0 failures
[92mINFO [0m:      
[92mINFO [0m:      [ROUND 100]
[92mINFO [0m:      fit progress: (100, 1.906939293928207, {'accuracy': 0.2969}, 665.4534485189943)
[92mINFO [0m:      configure_evaluate: strategy sampled 50 clients (out of 100)
[92mINFO [0m:      aggregate_evaluate: received 50 results and 0 failures
[92mINFO [0m:      
[92mINFO [0m:      [SUMMARY]
[92mINFO [0m:      Run finished 100 round(s) in 665.99s
[92mINFO [0m:      	History (loss, distributed):
[92mINFO [0m:      		round 1: 2.3105007100105284
[92mINFO [0m:      		round 2: 2.4762805092334745
[92mINFO [0m:      		round 3: 2.441216838359833
[92mINFO [0m:      		round 4: 2.450023342370987
[92mINFO [0m:      		round 5: 2.306596586704254
[92mINFO [0m:      		round 6: 2.218485667705536
[92mINFO [0m:      		round 7: 2.263245972394943
[92mINFO [0m:      		round 8: 2.2689751875400543
[92mINFO [0m:      		round 9: 2.284179186820984
[92mINFO [0m:      		round 10: 2.2085677754878996
[92mINFO [0m:      		round 11: 2.18851389169693
[92mINFO [0m:      		round 12: 2.129498337507248
[92mINFO [0m:      		round 13: 2.129501031637192
[92mINFO [0m:      		round 14: 2.140513767004013
[92mINFO [0m:      		round 15: 2.147187898159027
[92mINFO [0m:      		round 16: 2.1347917532920837
[92mINFO [0m:      		round 17: 2.0504447615146635
[92mINFO [0m:      		round 18: 2.0643015587329865
[92mINFO [0m:      		round 19: 2.115126097202301
[92mINFO [0m:      		round 20: 2.0610040187835694
[92mINFO [0m:      		round 21: 2.206175595521927
[92mINFO [0m:      		round 22: 2.1512220549583434
[92mINFO [0m:      		round 23: 2.169237504005432
[92mINFO [0m:      		round 24: 2.082062133550644
[92mINFO [0m:      		round 25: 2.097920022010803
[92mINFO [0m:      		round 26: 2.118842079639435
[92mINFO [0m:      		round 27: 2.165025508403778
[92mINFO [0m:      		round 28: 2.1348495614528655
[92mINFO [0m:      		round 29: 2.0709804451465605
[92mINFO [0m:      		round 30: 2.0990806198120118
[92mINFO [0m:      		round 31: 2.113504548072815
[92mINFO [0m:      		round 32: 2.1286033403873446
[92mINFO [0m:      		round 33: 2.0829935765266416
[92mINFO [0m:      		round 34: 2.09493478178978
[92mINFO [0m:      		round 35: 2.153662763834
[92mINFO [0m:      		round 36: 2.088955191373825
[92mINFO [0m:      		round 37: 2.2010853242874147
[92mINFO [0m:      		round 38: 2.0743757462501526
[92mINFO [0m:      		round 39: 2.0561877346038817
[92mINFO [0m:      		round 40: 2.021759443283081
[92mINFO [0m:      		round 41: 2.074476897716522
[92mINFO [0m:      		round 42: 2.026014051437378
[92mINFO [0m:      		round 43: 2.033680160045624
[92mINFO [0m:      		round 44: 1.9809762847423553
[92mINFO [0m:      		round 45: 2.0232696986198424
[92mINFO [0m:      		round 46: 1.9604037666320802
[92mINFO [0m:      		round 47: 1.9813932049274445
[92mINFO [0m:      		round 48: 2.0299670124053955
[92mINFO [0m:      		round 49: 1.959732218980789
[92mINFO [0m:      		round 50: 1.9779939782619476
[92mINFO [0m:      		round 51: 1.997075515985489
[92mINFO [0m:      		round 52: 2.049050890207291
[92mINFO [0m:      		round 53: 1.99832355260849
[92mINFO [0m:      		round 54: 1.994046289920807
[92mINFO [0m:      		round 55: 1.9564644420146942
[92mINFO [0m:      		round 56: 2.008315305709839
[92mINFO [0m:      		round 57: 1.986730090379715
[92mINFO [0m:      		round 58: 2.01817102432251
[92mINFO [0m:      		round 59: 1.9690156054496766
[92mINFO [0m:      		round 60: 1.9666276121139525
[92mINFO [0m:      		round 61: 1.9479347324371339
[92mINFO [0m:      		round 62: 1.9334110844135284
[92mINFO [0m:      		round 63: 1.9403987061977386
[92mINFO [0m:      		round 64: 2.010354665517807
[92mINFO [0m:      		round 65: 1.914023586511612
[92mINFO [0m:      		round 66: 1.9371963906288148
[92mINFO [0m:      		round 67: 1.9072429859638214
[92mINFO [0m:      		round 68: 2.011684608459473
[92mINFO [0m:      		round 69: 1.9458577311038971
[92mINFO [0m:      		round 70: 2.020974576473236
[92mINFO [0m:      		round 71: 2.017043433189392
[92mINFO [0m:      		round 72: 1.9264638757705688
[92mINFO [0m:      		round 73: 1.898043214082718
[92mINFO [0m:      		round 74: 2.05450922369957
[92mINFO [0m:      		round 75: 1.9864104747772218
[92mINFO [0m:      		round 76: 2.0278576004505156
[92mINFO [0m:      		round 77: 1.957141705751419
[92mINFO [0m:      		round 78: 1.928539326786995
[92mINFO [0m:      		round 79: 1.8493608880043029
[92mINFO [0m:      		round 80: 1.899313486814499
[92mINFO [0m:      		round 81: 1.9064406728744507
[92mINFO [0m:      		round 82: 1.8619115161895752
[92mINFO [0m:      		round 83: 1.8879178142547608
[92mINFO [0m:      		round 84: 1.9367206239700316
[92mINFO [0m:      		round 85: 1.9016837751865387
[92mINFO [0m:      		round 86: 1.897981754541397
[92mINFO [0m:      		round 87: 1.8957304167747497
[92mINFO [0m:      		round 88: 1.899294102191925
[92mINFO [0m:      		round 89: 1.8466593742370605
[92mINFO [0m:      		round 90: 1.8902588379383087
[92mINFO [0m:      		round 91: 1.868676826953888
[92mINFO [0m:      		round 92: 1.9040862250328063
[92mINFO [0m:      		round 93: 1.90988832116127
[92mINFO [0m:      		round 94: 1.8691405510902406
[92mINFO [0m:      		round 95: 1.857402491569519
[92mINFO [0m:      		round 96: 1.8847979521751403
[92mINFO [0m:      		round 97: 1.847052137851715
[92mINFO [0m:      		round 98: 1.8549280071258545
[92mINFO [0m:      		round 99: 1.8561025857925415
[92mINFO [0m:      		round 100: 1.9469608414173125
[92mINFO [0m:      	History (loss, centralized):
[92mINFO [0m:      		round 0: 2.3026289696906024
[92mINFO [0m:      		round 1: 2.3099250216392955
[92mINFO [0m:      		round 2: 2.4965293923760674
[92mINFO [0m:      		round 3: 2.479476705478255
[92mINFO [0m:      		round 4: 2.402135467833015
[92mINFO [0m:      		round 5: 2.272450131215867
[92mINFO [0m:      		round 6: 2.2567872424034556
[92mINFO [0m:      		round 7: 2.2587643216370017
[92mINFO [0m:      		round 8: 2.2466635218091833
[92mINFO [0m:      		round 9: 2.250945478487926
[92mINFO [0m:      		round 10: 2.217402808985133
[92mINFO [0m:      		round 11: 2.171464388537559
[92mINFO [0m:      		round 12: 2.1128875966284686
[92mINFO [0m:      		round 13: 2.181498679385823
[92mINFO [0m:      		round 14: 2.1255494530793206
[92mINFO [0m:      		round 15: 2.1084849629432534
[92mINFO [0m:      		round 16: 2.101625431874755
[92mINFO [0m:      		round 17: 2.0578716735171665
[92mINFO [0m:      		round 18: 2.0692544522558807
[92mINFO [0m:      		round 19: 2.092260757828974
[92mINFO [0m:      		round 20: 2.086861463109399
[92mINFO [0m:      		round 21: 2.157943282917047
[92mINFO [0m:      		round 22: 2.1125244122401923
[92mINFO [0m:      		round 23: 2.1617047847456234
[92mINFO [0m:      		round 24: 2.0909705647997034
[92mINFO [0m:      		round 25: 2.1020978043793113
[92mINFO [0m:      		round 26: 2.1312453929026414
[92mINFO [0m:      		round 27: 2.094100416845577
[92mINFO [0m:      		round 28: 2.102128277918336
[92mINFO [0m:      		round 29: 2.0561796077497445
[92mINFO [0m:      		round 30: 2.0776125405244765
[92mINFO [0m:      		round 31: 2.0842576019323555
[92mINFO [0m:      		round 32: 2.091739873217929
[92mINFO [0m:      		round 33: 2.063537223323895
[92mINFO [0m:      		round 34: 2.0712964937185787
[92mINFO [0m:      		round 35: 2.0961086491870273
[92mINFO [0m:      		round 36: 2.0531950680313598
[92mINFO [0m:      		round 37: 2.2113367972100617
[92mINFO [0m:      		round 38: 2.0510977726833075
[92mINFO [0m:      		round 39: 2.0338829824119617
[92mINFO [0m:      		round 40: 2.034661331753822
[92mINFO [0m:      		round 41: 2.040517362060061
[92mINFO [0m:      		round 42: 2.119074722004544
[92mINFO [0m:      		round 43: 2.0081898657379638
[92mINFO [0m:      		round 44: 1.9942063404496309
[92mINFO [0m:      		round 45: 2.010123394856787
[92mINFO [0m:      		round 46: 1.988667209436939
[92mINFO [0m:      		round 47: 1.981247301314287
[92mINFO [0m:      		round 48: 2.007326196713053
[92mINFO [0m:      		round 49: 1.9673676574306123
[92mINFO [0m:      		round 50: 1.9645360153951463
[92mINFO [0m:      		round 51: 1.9911402608178983
[92mINFO [0m:      		round 52: 2.0302968495970317
[92mINFO [0m:      		round 53: 2.0237706664261546
[92mINFO [0m:      		round 54: 2.012332002828076
[92mINFO [0m:      		round 55: 1.9841203423822003
[92mINFO [0m:      		round 56: 2.0409148437961653
[92mINFO [0m:      		round 57: 1.9837474367421144
[92mINFO [0m:      		round 58: 1.9721613469397186
[92mINFO [0m:      		round 59: 1.956081162592408
[92mINFO [0m:      		round 60: 1.9527417702280032
[92mINFO [0m:      		round 61: 1.9607853266843565
[92mINFO [0m:      		round 62: 1.9465020872225427
[92mINFO [0m:      		round 63: 1.9604743597613778
[92mINFO [0m:      		round 64: 1.991102583089452
[92mINFO [0m:      		round 65: 1.9276927162887185
[92mINFO [0m:      		round 66: 1.940780736078882
[92mINFO [0m:      		round 67: 1.8938594494655634
[92mINFO [0m:      		round 68: 1.9903574460630964
[92mINFO [0m:      		round 69: 2.0076758436336637
[92mINFO [0m:      		round 70: 1.9661450856810163
[92mINFO [0m:      		round 71: 1.975372633356957
[92mINFO [0m:      		round 72: 1.9010617429283774
[92mINFO [0m:      		round 73: 1.9338004702975036
[92mINFO [0m:      		round 74: 1.975294748688959
[92mINFO [0m:      		round 75: 1.9458354908949251
[92mINFO [0m:      		round 76: 1.9588652818825594
[92mINFO [0m:      		round 77: 1.957956455315754
[92mINFO [0m:      		round 78: 1.9461678251339372
[92mINFO [0m:      		round 79: 1.8841929883713935
[92mINFO [0m:      		round 80: 1.9016463650260003
[92mINFO [0m:      		round 81: 1.8977039422199224
[92mINFO [0m:      		round 82: 1.86741079646311
[92mINFO [0m:      		round 83: 1.8773284254560045
[92mINFO [0m:      		round 84: 1.910370542744922
[92mINFO [0m:      		round 85: 1.893669000856436
[92mINFO [0m:      		round 86: 1.883585988336308
[92mINFO [0m:      		round 87: 1.8443553508466977
[92mINFO [0m:      		round 88: 1.8701517118769846
[92mINFO [0m:      		round 89: 1.864388791618833
[92mINFO [0m:      		round 90: 1.8930644282869473
[92mINFO [0m:      		round 91: 1.8550202633924544
[92mINFO [0m:      		round 92: 1.877619228545268
[92mINFO [0m:      		round 93: 1.8698763095649185
[92mINFO [0m:      		round 94: 1.8887349313991084
[92mINFO [0m:      		round 95: 1.8735363301198193
[92mINFO [0m:      		round 96: 1.860467299534257
[92mINFO [0m:      		round 97: 1.8746566354848777
[92mINFO [0m:      		round 98: 1.840759127003372
[92mINFO [0m:      		round 99: 1.8459328488939126
[92mINFO [0m:      		round 100: 1.906939293928207
[92mINFO [0m:      	History (metrics, centralized):
[92mINFO [0m:      	{'accuracy': [(0, 0.1179),
[92mINFO [0m:      	              (1, 0.1),
[92mINFO [0m:      	              (2, 0.1),
[92mINFO [0m:      	              (3, 0.1138),
[92mINFO [0m:      	              (4, 0.1009),
[92mINFO [0m:      	              (5, 0.1148),
[92mINFO [0m:      	              (6, 0.1652),
[92mINFO [0m:      	              (7, 0.1078),
[92mINFO [0m:      	              (8, 0.1315),
[92mINFO [0m:      	              (9, 0.1439),
[92mINFO [0m:      	              (10, 0.1719),
[92mINFO [0m:      	              (11, 0.2285),
[92mINFO [0m:      	              (12, 0.2269),
[92mINFO [0m:      	              (13, 0.1989),
[92mINFO [0m:      	              (14, 0.2071),
[92mINFO [0m:      	              (15, 0.2077),
[92mINFO [0m:      	              (16, 0.2292),
[92mINFO [0m:      	              (17, 0.2731),
[92mINFO [0m:      	              (18, 0.2492),
[92mINFO [0m:      	              (19, 0.1973),
[92mINFO [0m:      	              (20, 0.2387),
[92mINFO [0m:      	              (21, 0.1727),
[92mINFO [0m:      	              (22, 0.2136),
[92mINFO [0m:      	              (23, 0.1855),
[92mINFO [0m:      	              (24, 0.2271),
[92mINFO [0m:      	              (25, 0.2582),
[92mINFO [0m:      	              (26, 0.2071),
[92mINFO [0m:      	              (27, 0.2284),
[92mINFO [0m:      	              (28, 0.2277),
[92mINFO [0m:      	              (29, 0.2347),
[92mINFO [0m:      	              (30, 0.2347),
[92mINFO [0m:      	              (31, 0.1965),
[92mINFO [0m:      	              (32, 0.1959),
[92mINFO [0m:      	              (33, 0.244),
[92mINFO [0m:      	              (34, 0.254),
[92mINFO [0m:      	              (35, 0.2316),
[92mINFO [0m:      	              (36, 0.2559),
[92mINFO [0m:      	              (37, 0.1606),
[92mINFO [0m:      	              (38, 0.2374),
[92mINFO [0m:      	              (39, 0.2268),
[92mINFO [0m:      	              (40, 0.2311),
[92mINFO [0m:      	              (41, 0.2394),
[92mINFO [0m:      	              (42, 0.2234),
[92mINFO [0m:      	              (43, 0.2401),
[92mINFO [0m:      	              (44, 0.2736),
[92mINFO [0m:      	              (45, 0.2638),
[92mINFO [0m:      	              (46, 0.294),
[92mINFO [0m:      	              (47, 0.2716),
[92mINFO [0m:      	              (48, 0.2471),
[92mINFO [0m:      	              (49, 0.277),
[92mINFO [0m:      	              (50, 0.2808),
[92mINFO [0m:      	              (51, 0.2892),
[92mINFO [0m:      	              (52, 0.2754),
[92mINFO [0m:      	              (53, 0.2755),
[92mINFO [0m:      	              (54, 0.2597),
[92mINFO [0m:      	              (55, 0.258),
[92mINFO [0m:      	              (56, 0.2189),
[92mINFO [0m:      	              (57, 0.2747),
[92mINFO [0m:      	              (58, 0.2667),
[92mINFO [0m:      	              (59, 0.2509),
[92mINFO [0m:      	              (60, 0.2532),
[92mINFO [0m:      	              (61, 0.2496),
[92mINFO [0m:      	              (62, 0.2844),
[92mINFO [0m:      	              (63, 0.2741),
[92mINFO [0m:      	              (64, 0.2746),
[92mINFO [0m:      	              (65, 0.2934),
[92mINFO [0m:      	              (66, 0.2872),
[92mINFO [0m:      	              (67, 0.3079),
[92mINFO [0m:      	              (68, 0.2299),
[92mINFO [0m:      	              (69, 0.2922),
[92mINFO [0m:      	              (70, 0.2982),
[92mINFO [0m:      	              (71, 0.2759),
[92mINFO [0m:      	              (72, 0.3026),
[92mINFO [0m:      	              (73, 0.3008),
[92mINFO [0m:      	              (74, 0.2915),
[92mINFO [0m:      	              (75, 0.2652),
[92mINFO [0m:      	              (76, 0.2672),
[92mINFO [0m:      	              (77, 0.2563),
[92mINFO [0m:      	              (78, 0.2748),
[92mINFO [0m:      	              (79, 0.3098),
[92mINFO [0m:      	              (80, 0.2954),
[92mINFO [0m:      	              (81, 0.2919),
[92mINFO [0m:      	              (82, 0.3097),
[92mINFO [0m:      	              (83, 0.3184),
[92mINFO [0m:      	              (84, 0.2699),
[92mINFO [0m:      	              (85, 0.2945),
[92mINFO [0m:      	              (86, 0.2895),
[92mINFO [0m:      	              (87, 0.3354),
[92mINFO [0m:      	              (88, 0.3059),
[92mINFO [0m:      	              (89, 0.307),
[92mINFO [0m:      	              (90, 0.3073),
[92mINFO [0m:      	              (91, 0.33),
[92mINFO [0m:      	              (92, 0.3113),
[92mINFO [0m:      	              (93, 0.3207),
[92mINFO [0m:      	              (94, 0.3046),
[92mINFO [0m:      	              (95, 0.3225),
[92mINFO [0m:      	              (96, 0.3253),
[92mINFO [0m:      	              (97, 0.3028),
[92mINFO [0m:      	              (98, 0.3262),
[92mINFO [0m:      	              (99, 0.3213),
[92mINFO [0m:      	              (100, 0.2969)]}
[92mINFO [0m:      
